2020-03-17 16:56:40,668  ============================================================================================================================================
2020-03-17 16:56:40,669  *****************USER HIT******************** {'username': <SimpleLazyObject: <User: admin>>, 'user_id': 2, 'session_key': 'wbwig68jn88pqppmqg6eoajvnmwabi91'}
2020-03-17 16:56:40,669  *****************USER Uttarance ******************** : 
2020-03-17 16:56:40,722  *****************Final Replay context_data ******************** : 
 {
    "user_info": {
        "first_name": "",
        "middle_name": "",
        "last_name": "",
        "mob": ""
    },
    "identifier": {
        "user_id": "wbwig68jn88pqppmqg6eoajvnmwabi91",
        "session_id": "",
        "channel_id": "",
        "user_name": "admin"
    },
    "data_proceed": [],
    "selected_intent_list": [],
    "chat_req": {
        "message_id": "",
        "uttarance": "",
        "chat_type": "",
        "chat_timestamp": "",
        "time_zone": "",
        "chat_attributes": {
            "intent": "",
            "task": "",
            "action_url": "",
            "live_user": "",
            "processed_uttarance": "",
            "entities_extracted": {},
            "current_asked_question": "",
            "asked_sequence_question": {}
        },
        "ambiguity_resolver": {},
        "interview_details": []
    },
    "previous_contexts": [],
    "chat_res": {
        "reply_id": "",
        "reply_text": [],
        "reply_timestamp": "",
        "additional_param": {
            "button": []
        }
    },
    "channel": ""
}
2020-03-17 20:09:27,684  ============================================================================================================================================
2020-03-17 20:09:27,691  *****************USER HIT******************** {'username': <SimpleLazyObject: <User: admin>>, 'user_id': 2, 'session_key': 'wbwig68jn88pqppmqg6eoajvnmwabi91'}
2020-03-17 20:09:27,691  *****************USER Uttarance ******************** : 
2020-03-17 20:09:27,763  *****************Final Replay context_data ******************** : 
 {
    "user_info": {
        "first_name": "",
        "middle_name": "",
        "last_name": "",
        "mob": ""
    },
    "identifier": {
        "user_id": "wbwig68jn88pqppmqg6eoajvnmwabi91",
        "session_id": "",
        "channel_id": "",
        "user_name": "admin"
    },
    "data_proceed": [],
    "selected_intent_list": [],
    "chat_req": {
        "message_id": "",
        "uttarance": "",
        "chat_type": "",
        "chat_timestamp": "",
        "time_zone": "",
        "chat_attributes": {
            "intent": "",
            "task": "",
            "action_url": "",
            "live_user": "",
            "processed_uttarance": "",
            "entities_extracted": {},
            "current_asked_question": "",
            "asked_sequence_question": {}
        },
        "ambiguity_resolver": {},
        "interview_details": []
    },
    "previous_contexts": [],
    "chat_res": {
        "reply_id": "",
        "reply_text": [],
        "reply_timestamp": "",
        "additional_param": {
            "button": []
        }
    },
    "channel": ""
}
